2025-07-22 02:57:38,220 - flwr - WARNING - DEPRECATED FEATURE: flwr.simulation.start_simulation() is deprecated.
	Instead, use the `flwr run` CLI command to start a local simulation in your Flower app, as shown for example below:

		$ flwr new  # Create a new Flower app from a template

		$ flwr run  # Run the Flower app in Simulation Mode

	Using `start_simulation()` is deprecated.

            This is a deprecated feature. It will be removed
            entirely in future versions of Flower.
        
2025-07-22 02:57:38,220 - flwr - INFO - Starting Flower simulation, config: num_rounds=20, no round_timeout
2025-07-22 02:57:47,627 - flwr - INFO - Flower VCE: Ray initialized with resources: {'CPU': 4.0, 'object_store_memory': 2406237388.0, 'node:127.0.0.1': 1.0, 'node:__internal_head__': 1.0, 'memory': 4812474779.0}
2025-07-22 02:57:47,627 - flwr - INFO - Optimize your simulation with Flower VCE: https://flower.ai/docs/framework/how-to-run-simulations.html
2025-07-22 02:57:47,627 - flwr - INFO - Flower VCE: Resources for each Virtual Client: {'num_cpus': 1, 'num_gpus': 0.0}
2025-07-22 02:57:47,684 - flwr - INFO - Flower VCE: Creating VirtualClientEngineActorPool with 4 actors
2025-07-22 02:57:47,699 - flwr - INFO - [INIT]
2025-07-22 02:57:47,755 - flwr - INFO - Using initial global parameters provided by strategy
2025-07-22 02:57:47,762 - flwr - INFO - Starting evaluation of initial global parameters
2025-07-22 02:57:55,574 - flwr - INFO - initial parameters (loss, other metrics): 2.465784472779344, {'accuracy': 12.32, 'loss': 2.465784472779344, 'round': 0, 'early_stop': False}
2025-07-22 02:57:55,574 - flwr - INFO - 
2025-07-22 02:57:55,574 - flwr - INFO - [ROUND 1]
2025-07-22 02:57:55,574 - flwr - INFO - configure_fit: strategy sampled 3 clients (out of 3)
2025-07-22 03:05:22,385 - flwr - INFO - aggregate_fit: received 3 results and 0 failures
2025-07-22 03:05:22,401 - flwr - WARNING - No fit_metrics_aggregation_fn provided
2025-07-22 03:05:25,976 - flwr - INFO - fit progress: (1, 0.22707393101324289, {'accuracy': 93.21, 'loss': 0.22707393101324289, 'round': 1, 'early_stop': False}, 450.4014942)
2025-07-22 03:05:25,976 - flwr - INFO - configure_evaluate: no clients selected, skipping evaluation
2025-07-22 03:05:25,976 - flwr - INFO - 
2025-07-22 03:05:25,976 - flwr - INFO - [ROUND 2]
2025-07-22 03:05:25,976 - flwr - INFO - configure_fit: strategy sampled 3 clients (out of 3)
2025-07-22 03:12:22,441 - flwr - INFO - aggregate_fit: received 3 results and 0 failures
2025-07-22 03:12:25,966 - flwr - INFO - fit progress: (2, 0.16334414795061913, {'accuracy': 94.92, 'loss': 0.16334414795061913, 'round': 2, 'early_stop': False}, 870.3948528000001)
2025-07-22 03:12:25,966 - flwr - INFO - configure_evaluate: no clients selected, skipping evaluation
2025-07-22 03:12:25,966 - flwr - INFO - 
2025-07-22 03:12:25,982 - flwr - INFO - [ROUND 3]
2025-07-22 03:12:25,983 - flwr - INFO - configure_fit: strategy sampled 3 clients (out of 3)
2025-07-22 03:19:25,145 - flwr - INFO - aggregate_fit: received 3 results and 0 failures
2025-07-22 03:19:28,780 - flwr - INFO - fit progress: (3, 0.13614914528861904, {'accuracy': 95.74, 'loss': 0.13614914528861904, 'round': 3, 'early_stop': False}, 1293.2093083)
2025-07-22 03:19:28,780 - flwr - INFO - configure_evaluate: no clients selected, skipping evaluation
2025-07-22 03:19:28,780 - flwr - INFO - 
2025-07-22 03:19:28,796 - flwr - INFO - [ROUND 4]
2025-07-22 03:19:28,796 - flwr - INFO - configure_fit: strategy sampled 3 clients (out of 3)
2025-07-22 03:26:29,776 - flwr - INFO - aggregate_fit: received 3 results and 0 failures
2025-07-22 03:26:33,286 - flwr - INFO - fit progress: (4, 0.12063359964609938, {'accuracy': 96.36, 'loss': 0.12063359964609938, 'round': 4, 'early_stop': False}, 1717.7111326)
2025-07-22 03:26:33,286 - flwr - INFO - configure_evaluate: no clients selected, skipping evaluation
2025-07-22 03:26:33,286 - flwr - INFO - 
2025-07-22 03:26:33,286 - flwr - INFO - [ROUND 5]
2025-07-22 03:26:33,286 - flwr - INFO - configure_fit: strategy sampled 3 clients (out of 3)
2025-07-22 03:33:28,873 - flwr - INFO - aggregate_fit: received 3 results and 0 failures
2025-07-22 03:33:32,525 - flwr - INFO - fit progress: (5, 0.11006268162277345, {'accuracy': 96.65, 'loss': 0.11006268162277345, 'round': 5, 'early_stop': False}, 2136.9514096)
2025-07-22 03:33:32,525 - flwr - INFO - configure_evaluate: no clients selected, skipping evaluation
2025-07-22 03:33:32,525 - flwr - INFO - 
2025-07-22 03:33:32,525 - flwr - INFO - [ROUND 6]
2025-07-22 03:33:32,525 - flwr - INFO - configure_fit: strategy sampled 3 clients (out of 3)
2025-07-22 03:40:27,390 - flwr - INFO - aggregate_fit: received 3 results and 0 failures
2025-07-22 03:40:30,996 - flwr - INFO - fit progress: (6, 0.10321889115615002, {'accuracy': 96.89, 'loss': 0.10321889115615002, 'round': 6, 'early_stop': False}, 2555.4261083)
2025-07-22 03:40:30,996 - flwr - INFO - configure_evaluate: no clients selected, skipping evaluation
2025-07-22 03:40:31,012 - flwr - INFO - 
2025-07-22 03:40:31,012 - flwr - INFO - [ROUND 7]
2025-07-22 03:40:31,012 - flwr - INFO - configure_fit: strategy sampled 3 clients (out of 3)
2025-07-22 03:47:24,153 - flwr - INFO - aggregate_fit: received 3 results and 0 failures
2025-07-22 03:47:28,478 - flwr - INFO - fit progress: (7, 0.09785834016022124, {'accuracy': 97.08, 'loss': 0.09785834016022124, 'round': 7, 'early_stop': False}, 2972.897019)
2025-07-22 03:47:28,478 - flwr - INFO - configure_evaluate: no clients selected, skipping evaluation
2025-07-22 03:47:28,478 - flwr - INFO - 
2025-07-22 03:47:28,478 - flwr - INFO - [ROUND 8]
2025-07-22 03:47:28,488 - flwr - INFO - configure_fit: strategy sampled 3 clients (out of 3)
2025-07-22 03:54:26,183 - flwr - INFO - aggregate_fit: received 3 results and 0 failures
2025-07-22 03:54:29,883 - flwr - INFO - fit progress: (8, 0.09423111774233399, {'accuracy': 97.19, 'loss': 0.09423111774233399, 'round': 8, 'early_stop': False}, 3394.3123082)
2025-07-22 03:54:29,883 - flwr - INFO - configure_evaluate: no clients selected, skipping evaluation
2025-07-22 03:54:29,898 - flwr - INFO - 
2025-07-22 03:54:29,898 - flwr - INFO - [ROUND 9]
2025-07-22 03:54:29,898 - flwr - INFO - configure_fit: strategy sampled 3 clients (out of 3)
2025-07-22 04:01:29,997 - flwr - INFO - aggregate_fit: received 3 results and 0 failures
2025-07-22 04:01:33,713 - flwr - INFO - fit progress: (9, 0.09183987553765888, {'accuracy': 97.24, 'loss': 0.09183987553765888, 'round': 9, 'early_stop': False}, 3818.1334632)
2025-07-22 04:01:33,713 - flwr - INFO - configure_evaluate: no clients selected, skipping evaluation
2025-07-22 04:01:33,713 - flwr - INFO - 
2025-07-22 04:01:33,713 - flwr - INFO - [ROUND 10]
2025-07-22 04:01:33,713 - flwr - INFO - configure_fit: strategy sampled 3 clients (out of 3)
2025-07-22 04:08:29,174 - flwr - INFO - aggregate_fit: received 3 results and 0 failures
2025-07-22 04:08:32,811 - flwr - INFO - fit progress: (10, 0.08935816404790474, {'accuracy': 97.3, 'loss': 0.08935816404790474, 'round': 10, 'early_stop': False}, 4237.2384532)
2025-07-22 04:08:32,811 - flwr - INFO - configure_evaluate: no clients selected, skipping evaluation
2025-07-22 04:08:32,811 - flwr - INFO - 
2025-07-22 04:08:32,811 - flwr - INFO - [ROUND 11]
2025-07-22 04:08:32,811 - flwr - INFO - configure_fit: strategy sampled 3 clients (out of 3)
2025-07-22 04:15:37,162 - flwr - INFO - aggregate_fit: received 3 results and 0 failures
2025-07-22 04:15:40,766 - flwr - INFO - fit progress: (11, 0.08804710226713404, {'accuracy': 97.36, 'loss': 0.08804710226713404, 'round': 11, 'early_stop': False}, 4665.1853148)
2025-07-22 04:15:40,766 - flwr - INFO - configure_evaluate: no clients selected, skipping evaluation
2025-07-22 04:15:40,766 - flwr - INFO - 
2025-07-22 04:15:40,766 - flwr - INFO - [ROUND 12]
2025-07-22 04:15:40,766 - flwr - INFO - configure_fit: strategy sampled 3 clients (out of 3)
2025-07-22 04:22:42,905 - flwr - INFO - aggregate_fit: received 3 results and 0 failures
2025-07-22 04:22:46,510 - flwr - INFO - fit progress: (12, 0.08659076881210934, {'accuracy': 97.38, 'loss': 0.08659076881210934, 'round': 12, 'early_stop': False}, 5090.936876299999)
2025-07-22 04:22:46,510 - flwr - INFO - configure_evaluate: no clients selected, skipping evaluation
2025-07-22 04:22:46,510 - flwr - INFO - 
2025-07-22 04:22:46,510 - flwr - INFO - [ROUND 13]
2025-07-22 04:22:46,510 - flwr - INFO - configure_fit: strategy sampled 3 clients (out of 3)
2025-07-22 04:29:54,136 - flwr - INFO - aggregate_fit: received 3 results and 0 failures
2025-07-22 04:29:57,977 - flwr - INFO - fit progress: (13, 0.08555986691996591, {'accuracy': 97.38, 'loss': 0.08555986691996591, 'round': 13, 'early_stop': False}, 5522.3964108)
2025-07-22 04:29:57,977 - flwr - INFO - configure_evaluate: no clients selected, skipping evaluation
2025-07-22 04:29:57,977 - flwr - INFO - 
2025-07-22 04:29:57,977 - flwr - INFO - [ROUND 14]
2025-07-22 04:29:57,977 - flwr - INFO - configure_fit: strategy sampled 3 clients (out of 3)
2025-07-22 04:36:59,659 - flwr - INFO - aggregate_fit: received 3 results and 0 failures
2025-07-22 04:37:03,312 - flwr - INFO - fit progress: (14, 0.08535280912747402, {'accuracy': 97.43, 'loss': 0.08535280912747402, 'round': 14, 'early_stop': False}, 5947.7346222)
2025-07-22 04:37:03,312 - flwr - INFO - configure_evaluate: no clients selected, skipping evaluation
2025-07-22 04:37:03,312 - flwr - INFO - 
2025-07-22 04:37:03,312 - flwr - INFO - [ROUND 15]
2025-07-22 04:37:03,312 - flwr - INFO - configure_fit: strategy sampled 3 clients (out of 3)
2025-07-22 04:44:03,273 - flwr - INFO - aggregate_fit: received 3 results and 0 failures
2025-07-22 04:44:07,082 - flwr - INFO - fit progress: (15, 0.08494754880909652, {'accuracy': 97.52, 'loss': 0.08494754880909652, 'round': 15, 'early_stop': False}, 6371.5121131999995)
2025-07-22 04:44:07,082 - flwr - INFO - configure_evaluate: no clients selected, skipping evaluation
2025-07-22 04:44:07,098 - flwr - INFO - 
2025-07-22 04:44:07,098 - flwr - INFO - [ROUND 16]
2025-07-22 04:44:07,098 - flwr - INFO - configure_fit: strategy sampled 3 clients (out of 3)
2025-07-22 04:51:07,026 - flwr - INFO - aggregate_fit: received 3 results and 0 failures
2025-07-22 04:51:10,523 - flwr - INFO - fit progress: (16, 0.0842232512365391, {'accuracy': 97.51, 'loss': 0.0842232512365391, 'round': 16, 'early_stop': False}, 6794.952619799999)
2025-07-22 04:51:10,523 - flwr - INFO - configure_evaluate: no clients selected, skipping evaluation
2025-07-22 04:51:10,538 - flwr - INFO - 
2025-07-22 04:51:10,538 - flwr - INFO - [ROUND 17]
2025-07-22 04:51:10,538 - flwr - INFO - configure_fit: strategy sampled 3 clients (out of 3)
2025-07-22 04:58:15,028 - flwr - INFO - aggregate_fit: received 3 results and 0 failures
2025-07-22 04:58:18,681 - flwr - INFO - fit progress: (17, 0.08361295321424295, {'accuracy': 97.54, 'loss': 0.08361295321424295, 'round': 17, 'early_stop': False}, 7223.1079505)
2025-07-22 04:58:18,681 - flwr - INFO - configure_evaluate: no clients selected, skipping evaluation
2025-07-22 04:58:18,681 - flwr - INFO - 
2025-07-22 04:58:18,681 - flwr - INFO - [ROUND 18]
2025-07-22 04:58:18,681 - flwr - INFO - configure_fit: strategy sampled 3 clients (out of 3)
2025-07-22 05:05:18,310 - flwr - INFO - aggregate_fit: received 3 results and 0 failures
2025-07-22 05:05:21,854 - flwr - INFO - fit progress: (18, 0.084074020101451, {'accuracy': 97.54, 'loss': 0.084074020101451, 'round': 18, 'early_stop': False}, 7646.284667999999)
2025-07-22 05:05:21,869 - flwr - INFO - configure_evaluate: no clients selected, skipping evaluation
2025-07-22 05:05:21,869 - flwr - INFO - 
2025-07-22 05:05:21,869 - flwr - INFO - [ROUND 19]
2025-07-22 05:05:21,869 - flwr - INFO - configure_fit: strategy sampled 3 clients (out of 3)
2025-07-22 05:12:21,045 - flwr - INFO - aggregate_fit: received 3 results and 0 failures
2025-07-22 05:12:24,620 - flwr - INFO - fit progress: (19, 0.08371110001837932, {'accuracy': 97.59, 'loss': 0.08371110001837932, 'round': 19, 'early_stop': False}, 8069.0475257)
2025-07-22 05:12:24,620 - flwr - INFO - configure_evaluate: no clients selected, skipping evaluation
2025-07-22 05:12:24,620 - flwr - INFO - 
2025-07-22 05:12:24,620 - flwr - INFO - [ROUND 20]
2025-07-22 05:12:24,620 - flwr - INFO - configure_fit: strategy sampled 3 clients (out of 3)
2025-07-22 05:19:25,167 - flwr - INFO - aggregate_fit: received 3 results and 0 failures
2025-07-22 05:19:28,875 - flwr - INFO - fit progress: (20, 0.08418865726707155, {'accuracy': 97.58, 'loss': 0.08418865726707155, 'round': 20, 'early_stop': False}, 8493.2994509)
2025-07-22 05:19:28,875 - flwr - INFO - configure_evaluate: no clients selected, skipping evaluation
2025-07-22 05:19:28,875 - flwr - INFO - 
2025-07-22 05:19:28,875 - flwr - INFO - [SUMMARY]
2025-07-22 05:19:28,875 - flwr - INFO - Run finished 20 round(s) in 8493.30s
2025-07-22 05:19:28,890 - flwr - INFO - 	History (loss, centralized):
2025-07-22 05:19:28,891 - flwr - INFO - 		round 0: 2.465784472779344
2025-07-22 05:19:28,893 - flwr - INFO - 		round 1: 0.22707393101324289
2025-07-22 05:19:28,895 - flwr - INFO - 		round 2: 0.16334414795061913
2025-07-22 05:19:28,896 - flwr - INFO - 		round 3: 0.13614914528861904
2025-07-22 05:19:28,897 - flwr - INFO - 		round 4: 0.12063359964609938
2025-07-22 05:19:28,899 - flwr - INFO - 		round 5: 0.11006268162277345
2025-07-22 05:19:28,899 - flwr - INFO - 		round 6: 0.10321889115615002
2025-07-22 05:19:28,900 - flwr - INFO - 		round 7: 0.09785834016022124
2025-07-22 05:19:28,901 - flwr - INFO - 		round 8: 0.09423111774233399
2025-07-22 05:19:28,905 - flwr - INFO - 		round 9: 0.09183987553765888
2025-07-22 05:19:28,906 - flwr - INFO - 		round 10: 0.08935816404790474
2025-07-22 05:19:28,906 - flwr - INFO - 		round 11: 0.08804710226713404
2025-07-22 05:19:28,907 - flwr - INFO - 		round 12: 0.08659076881210934
2025-07-22 05:19:28,909 - flwr - INFO - 		round 13: 0.08555986691996591
2025-07-22 05:19:28,910 - flwr - INFO - 		round 14: 0.08535280912747402
2025-07-22 05:19:28,911 - flwr - INFO - 		round 15: 0.08494754880909652
2025-07-22 05:19:28,911 - flwr - INFO - 		round 16: 0.0842232512365391
2025-07-22 05:19:28,911 - flwr - INFO - 		round 17: 0.08361295321424295
2025-07-22 05:19:28,914 - flwr - INFO - 		round 18: 0.084074020101451
2025-07-22 05:19:28,915 - flwr - INFO - 		round 19: 0.08371110001837932
2025-07-22 05:19:28,916 - flwr - INFO - 		round 20: 0.08418865726707155
2025-07-22 05:19:28,917 - flwr - INFO - 	History (metrics, centralized):
2025-07-22 05:19:28,919 - flwr - INFO - 	{'accuracy': [(0, 12.32),
2025-07-22 05:19:28,921 - flwr - INFO - 	              (1, 93.21),
2025-07-22 05:19:28,923 - flwr - INFO - 	              (2, 94.92),
2025-07-22 05:19:28,924 - flwr - INFO - 	              (3, 95.74),
2025-07-22 05:19:28,925 - flwr - INFO - 	              (4, 96.36),
2025-07-22 05:19:28,926 - flwr - INFO - 	              (5, 96.65),
2025-07-22 05:19:28,926 - flwr - INFO - 	              (6, 96.89),
2025-07-22 05:19:28,927 - flwr - INFO - 	              (7, 97.08),
2025-07-22 05:19:28,927 - flwr - INFO - 	              (8, 97.19),
2025-07-22 05:19:28,930 - flwr - INFO - 	              (9, 97.24),
2025-07-22 05:19:28,931 - flwr - INFO - 	              (10, 97.3),
2025-07-22 05:19:28,931 - flwr - INFO - 	              (11, 97.36),
2025-07-22 05:19:28,932 - flwr - INFO - 	              (12, 97.38),
2025-07-22 05:19:28,933 - flwr - INFO - 	              (13, 97.38),
2025-07-22 05:19:28,933 - flwr - INFO - 	              (14, 97.43),
2025-07-22 05:19:28,936 - flwr - INFO - 	              (15, 97.52),
2025-07-22 05:19:28,938 - flwr - INFO - 	              (16, 97.51),
2025-07-22 05:19:28,939 - flwr - INFO - 	              (17, 97.54),
2025-07-22 05:19:28,940 - flwr - INFO - 	              (18, 97.54),
2025-07-22 05:19:28,941 - flwr - INFO - 	              (19, 97.59),
2025-07-22 05:19:28,942 - flwr - INFO - 	              (20, 97.58)],
2025-07-22 05:19:28,942 - flwr - INFO - 	 'early_stop': [(0, False),
2025-07-22 05:19:28,943 - flwr - INFO - 	                (1, False),
2025-07-22 05:19:28,943 - flwr - INFO - 	                (2, False),
2025-07-22 05:19:28,946 - flwr - INFO - 	                (3, False),
2025-07-22 05:19:28,947 - flwr - INFO - 	                (4, False),
2025-07-22 05:19:28,948 - flwr - INFO - 	                (5, False),
2025-07-22 05:19:28,949 - flwr - INFO - 	                (6, False),
2025-07-22 05:19:28,949 - flwr - INFO - 	                (7, False),
2025-07-22 05:19:28,951 - flwr - INFO - 	                (8, False),
2025-07-22 05:19:28,953 - flwr - INFO - 	                (9, False),
2025-07-22 05:19:28,954 - flwr - INFO - 	                (10, False),
2025-07-22 05:19:28,956 - flwr - INFO - 	                (11, False),
2025-07-22 05:19:28,957 - flwr - INFO - 	                (12, False),
2025-07-22 05:19:28,958 - flwr - INFO - 	                (13, False),
2025-07-22 05:19:28,959 - flwr - INFO - 	                (14, False),
2025-07-22 05:19:28,959 - flwr - INFO - 	                (15, False),
2025-07-22 05:19:28,959 - flwr - INFO - 	                (16, False),
2025-07-22 05:19:28,961 - flwr - INFO - 	                (17, False),
2025-07-22 05:19:28,962 - flwr - INFO - 	                (18, False),
2025-07-22 05:19:28,963 - flwr - INFO - 	                (19, False),
2025-07-22 05:19:28,963 - flwr - INFO - 	                (20, False)],
2025-07-22 05:19:28,964 - flwr - INFO - 	 'loss': [(0, 2.465784472779344),
2025-07-22 05:19:28,965 - flwr - INFO - 	          (1, 0.22707393101324289),
2025-07-22 05:19:28,968 - flwr - INFO - 	          (2, 0.16334414795061913),
2025-07-22 05:19:28,969 - flwr - INFO - 	          (3, 0.13614914528861904),
2025-07-22 05:19:28,973 - flwr - INFO - 	          (4, 0.12063359964609938),
2025-07-22 05:19:28,974 - flwr - INFO - 	          (5, 0.11006268162277345),
2025-07-22 05:19:28,975 - flwr - INFO - 	          (6, 0.10321889115615002),
2025-07-22 05:19:28,976 - flwr - INFO - 	          (7, 0.09785834016022124),
2025-07-22 05:19:28,977 - flwr - INFO - 	          (8, 0.09423111774233399),
2025-07-22 05:19:28,979 - flwr - INFO - 	          (9, 0.09183987553765888),
2025-07-22 05:19:28,980 - flwr - INFO - 	          (10, 0.08935816404790474),
2025-07-22 05:19:28,981 - flwr - INFO - 	          (11, 0.08804710226713404),
2025-07-22 05:19:28,982 - flwr - INFO - 	          (12, 0.08659076881210934),
2025-07-22 05:19:28,983 - flwr - INFO - 	          (13, 0.08555986691996591),
2025-07-22 05:19:28,987 - flwr - INFO - 	          (14, 0.08535280912747402),
2025-07-22 05:19:28,988 - flwr - INFO - 	          (15, 0.08494754880909652),
2025-07-22 05:19:28,990 - flwr - INFO - 	          (16, 0.0842232512365391),
2025-07-22 05:19:28,993 - flwr - INFO - 	          (17, 0.08361295321424295),
2025-07-22 05:19:28,993 - flwr - INFO - 	          (18, 0.084074020101451),
2025-07-22 05:19:28,994 - flwr - INFO - 	          (19, 0.08371110001837932),
2025-07-22 05:19:28,995 - flwr - INFO - 	          (20, 0.08418865726707155)],
2025-07-22 05:19:28,996 - flwr - INFO - 	 'round': [(0, 0),
2025-07-22 05:19:28,997 - flwr - INFO - 	           (1, 1),
2025-07-22 05:19:28,998 - flwr - INFO - 	           (2, 2),
2025-07-22 05:19:29,001 - flwr - INFO - 	           (3, 3),
2025-07-22 05:19:29,004 - flwr - INFO - 	           (4, 4),
2025-07-22 05:19:29,005 - flwr - INFO - 	           (5, 5),
2025-07-22 05:19:29,006 - flwr - INFO - 	           (6, 6),
2025-07-22 05:19:29,006 - flwr - INFO - 	           (7, 7),
2025-07-22 05:19:29,007 - flwr - INFO - 	           (8, 8),
2025-07-22 05:19:29,008 - flwr - INFO - 	           (9, 9),
2025-07-22 05:19:29,010 - flwr - INFO - 	           (10, 10),
2025-07-22 05:19:29,010 - flwr - INFO - 	           (11, 11),
2025-07-22 05:19:29,011 - flwr - INFO - 	           (12, 12),
2025-07-22 05:19:29,012 - flwr - INFO - 	           (13, 13),
2025-07-22 05:19:29,013 - flwr - INFO - 	           (14, 14),
2025-07-22 05:19:29,013 - flwr - INFO - 	           (15, 15),
2025-07-22 05:19:29,014 - flwr - INFO - 	           (16, 16),
2025-07-22 05:19:29,014 - flwr - INFO - 	           (17, 17),
2025-07-22 05:19:29,017 - flwr - INFO - 	           (18, 18),
2025-07-22 05:19:29,018 - flwr - INFO - 	           (19, 19),
2025-07-22 05:19:29,021 - flwr - INFO - 	           (20, 20)]}
2025-07-22 05:19:29,022 - flwr - INFO - 
